<?xml version="1.0" encoding="UTF-8"?>
<!-- Generated by org.testng.reporters.JUnitXMLReporter -->
<testsuite ignored="0" hostname="DESKTOP-7OA1239" failures="0" tests="5" name="Forgot password page test cases" time="60.091" errors="0" timestamp="2023-01-30T09:51:05 EST">
  <testcase classname="tests.ForgotPasswordTest" name="forgotPasswordWithInvalidCredentialsTest" time="4.52"/>
  <testcase classname="tests.ForgotPasswordTest" name="forgotPasswordWithValidCredentialsButNotCombyneUserTest" time="2.055"/>
  <testcase classname="tests.ForgotPasswordTest" name="forgotPasswordWithValidCredentialsTest" time="3.418"/>
  <testcase classname="tests.ForgotPasswordTest" name="forgotPasswordWithoutCredentialsTest" time="3.626"/>
  <testcase classname="tests.ForgotPasswordTest" name="loginPageLinkNavigationTest" time="1.982"/>
</testsuite> <!-- Forgot password page test cases -->
