<?xml version="1.0" encoding="UTF-8"?>
<!-- Generated by org.testng.reporters.JUnitXMLReporter -->
<testsuite ignored="0" hostname="DESKTOP-7OA1239" failures="0" tests="6" name="Login page test" time="62.417" errors="0" timestamp="2023-01-30T09:50:04 EST">
  <testcase classname="tests.LoginTest" name="createAnAccountLinkNavigationTest" time="3.986"/>
  <testcase classname="tests.LoginTest" name="forgotPasswordLinkNavigationTest" time="2.509"/>
  <testcase classname="tests.LoginTest" name="loginWithEmptyCredentialsTest" time="4.418"/>
  <testcase classname="tests.LoginTest" name="loginWithInvalidCredentialsTest" time="4.611"/>
  <testcase classname="tests.LoginTest" name="loginWithValidCredentialsButNotCombyneUserTest" time="4.178"/>
  <testcase classname="tests.LoginTest" name="loginWithValidCredentialsTest" time="3.153"/>
</testsuite> <!-- Login page test -->
