<?xml version="1.0" encoding="UTF-8"?>
<!-- Generated by org.testng.reporters.JUnitXMLReporter -->
<testsuite ignored="0" hostname="DESKTOP-7OA1239" failures="0" tests="6" name="Login page test cases" time="51.786" errors="0" timestamp="2023-01-30T08:30:28 EST">
  <testcase classname="tests.LoginTest" name="createAnAccountLinkNavigationTest" time="3.227"/>
  <testcase classname="tests.LoginTest" name="forgotPasswordLinkNavigationTest" time="2.874"/>
  <testcase classname="tests.LoginTest" name="loginWithEmptyCredentialsTest" time="3.314"/>
  <testcase classname="tests.LoginTest" name="loginWithInvalidCredentialsTest" time="3.689"/>
  <testcase classname="tests.LoginTest" name="loginWithValidCredentialsButNotCombyneUserTest" time="4.178"/>
  <testcase classname="tests.LoginTest" name="loginWithValidCredentialsTest" time="3.439"/>
</testsuite> <!-- Login page test cases -->
